<?xml version="1.0" encoding="utf-8"?><testsuites name="pytest tests"><testsuite name="pytest" errors="0" failures="0" skipped="0" tests="24" time="24.686" timestamp="2026-08-20T03:09:16.420994+00:00" hostname="agent-env-b1ba82b2-5c3a-4b56-907a-b012fdf6842e"><testcase classname="tests.test_api_endpoints.TestContext" name="test_news" time="0.308" /><testcase classname="tests.test_api_endpoints.TestAuth" name="test_president_login_and_me" time="0.779" /><testcase classname="tests.test_api_endpoints.TestContext" name="test_news_risk" time="0.063" /><testcase classname="tests.test_api_endpoints.TestContext" name="test_fundamentals" time="0.241" /><testcase classname="tests.test_api_endpoints.TestContext" name="test_confluence" time="0.107" /><testcase classname="tests.test_api_endpoints.TestRisk" name="test_risk_valid_25r" time="0.103" /><testcase classname="tests.test_api_endpoints.TestAuth" name="test_login_wrong_password" time="0.355" /><testcase classname="tests.test_api_endpoints.TestRisk" name="test_risk_below_2r_invalid" time="0.256" /><testcase classname="tests.test_api_endpoints.TestRisk" name="test_risk_above_5r_invalid" time="0.104" /><testcase classname="tests.test_api_endpoints.TestAuth" name="test_register_creates_trader" time="0.439" /><testcase classname="tests.test_api_endpoints.TestRoot" name="test_root" time="0.064" /><testcase classname="tests.test_api_endpoints.TestRoot" name="test_admin_status" time="0.242" /><testcase classname="tests.test_api_endpoints.TestInstruments" name="test_instruments_search_gold" time="0.106" /><testcase classname="tests.test_api_endpoints.TestAuth" name="test_me_unauthenticated" time="0.147" /><testcase classname="tests.test_api_endpoints.TestInstruments" name="test_instruments_empty_q_returns_all" time="0.060" /><testcase classname="tests.test_api_endpoints.TestSignalDemo" name="test_bullish_demo_a_plus_buy" time="0.091" /><testcase classname="tests.test_api_endpoints.TestSignalDemo" name="test_bearish_demo_a_plus_sell" time="0.232" /><testcase classname="tests.test_api_endpoints.TestSignal" name="test_signal_xauusd_structure" time="0.195" /><testcase classname="tests.test_api_endpoints.TestJournal" name="test_journal_crud" time="1.386" /><testcase classname="tests.test_api_endpoints.TestCandles" name="test_candles_eurusd_4h" time="0.122" /><testcase classname="tests.test_api_endpoints.TestBacktest" name="test_backtest_eurusd" time="0.652" /><testcase classname="tests.test_api_endpoints.TestAI" name="test_ai_explain_bullish_connected" time="21.134" /><testcase classname="tests.test_api_endpoints.TestJournal" name="test_journal_requires_auth" time="1.348" /><testcase classname="tests.test_api_endpoints.TestValidation" name="test_validation_all_pass" time="0.175" /></testsuite></testsuites>