<?xml version="1.0" encoding="utf-8"?><testsuites name="pytest tests"><testsuite name="pytest" errors="0" failures="0" skipped="0" tests="13" time="2.260" timestamp="2026-08-20T03:08:59.865356+00:00" hostname="agent-env-b1ba82b2-5c3a-4b56-907a-b012fdf6842e"><testcase classname="tests.test_strategy" name="test_golden_bullish_produces_a_plus_buy" time="0.001" /><testcase classname="tests.test_backtest_v4.TestBacktestEndpoint" name="test_backtest_beyond_managed" time="0.739" /><testcase classname="tests.test_strategy" name="test_golden_bearish_produces_a_plus_sell" time="0.001" /><testcase classname="tests.test_strategy" name="test_negative_scenarios_never_actionable" time="0.001" /><testcase classname="tests.test_strategy" name="test_rr_band_enforced" time="0.000" /><testcase classname="tests.test_backtest_v4.TestBacktestEndpoint" name="test_backtest_baseline_at_unmanaged" time="0.637" /><testcase classname="tests.test_backtest_v4.TestReport4Y" name="test_status_and_source" time="0.735" /><testcase classname="tests.test_backtest_v4.TestReport4Y" name="test_eurusd_blocks" time="0.000" /><testcase classname="tests.test_backtest_v4.TestReport4Y" name="test_per_instrument_16" time="0.000" /><testcase classname="tests.test_backtest_v4.TestValidation" name="test_all_pass" time="0.059" /><testcase classname="tests.test_backtest_v4.TestBacktestEndpoint" name="test_no_mongo_objectid_leak" time="0.135" /><testcase classname="tests.test_backtest_v4.TestSignalTradePlan" name="test_signal_trade_plan_beyond" time="0.165" /><testcase classname="tests.test_backtest_v4.TestSignalTradePlan" name="test_demo_bullish_plan_beyond" time="0.067" /></testsuite></testsuites>