<?xml version="1.0" encoding="utf-8"?><testsuites name="pytest tests"><testsuite name="pytest" errors="0" failures="0" skipped="0" tests="27" time="1.679" timestamp="2026-08-20T03:39:47.947729+00:00" hostname="agent-env-b1ba82b2-5c3a-4b56-907a-b012fdf6842e"><testcase classname="tests.test_providers_v4.TestGetCandlesUnit" name="test_returns_synthetic_triplet[5M]" time="0.344" /><testcase classname="tests.test_providers_v4.TestCandlesEndpoint" name="test_candles_per_timeframe[5M]" time="0.399" /><testcase classname="tests.test_providers_v4.TestGetCandlesUnit" name="test_returns_synthetic_triplet[10M]" time="0.026" /><testcase classname="tests.test_providers_v4.TestGetCandlesUnit" name="test_returns_synthetic_triplet[15M]" time="0.010" /><testcase classname="tests.test_providers_v4.TestGetCandlesUnit" name="test_returns_synthetic_triplet[1H]" time="0.008" /><testcase classname="tests.test_providers_v4.TestGetCandlesUnit" name="test_returns_synthetic_triplet[4H]" time="0.016" /><testcase classname="tests.test_providers_v4.TestCandlesEndpoint" name="test_candles_per_timeframe[10M]" time="0.088" /><testcase classname="tests.test_providers_v4.TestGetCandlesUnit" name="test_returns_synthetic_triplet[1D]" time="0.119" /><testcase classname="tests.test_providers_v4.TestCandlesEndpoint" name="test_candles_per_timeframe[15M]" time="0.052" /><testcase classname="tests.test_providers_v4.TestGetCandlesUnit" name="test_deterministic" time="0.050" /><testcase classname="tests.test_providers_v4.TestCandlesEndpoint" name="test_candles_per_timeframe[1H]" time="0.050" /><testcase classname="tests.test_providers_v4.TestGetCandlesUnit" name="test_state_historical_for_large_limit" time="0.002" /><testcase classname="tests.test_providers_v4.TestGetCandlesUnit" name="test_provider_error_falls_back_to_synthetic" time="0.002" /><testcase classname="tests.test_providers_v4.TestProvidersUnit" name="test_has_key_false_without_env" time="0.000" /><testcase classname="tests.test_providers_v4.TestProvidersUnit" name="test_ohlc_raises_api_key_missing" time="0.000" /><testcase classname="tests.test_providers_v4.TestProvidersUnit" name="test_search_raises_api_key_missing" time="0.000" /><testcase classname="tests.test_providers_v4.TestProvidersUnit" name="test_interval_map_covers_ui_timeframes" time="0.000" /><testcase classname="tests.test_providers_v4.TestInstrumentsEndpoint" name="test_search_gold_builtin_source" time="0.130" /><testcase classname="tests.test_providers_v4.TestCandlesEndpoint" name="test_candles_per_timeframe[4H]" time="0.060" /><testcase classname="tests.test_providers_v4.TestCandlesEndpoint" name="test_candles_per_timeframe[1D]" time="0.119" /><testcase classname="tests.test_providers_v4.TestInstrumentsEndpoint" name="test_empty_query_returns_full_list" time="0.075" /><testcase classname="tests.test_providers_v4.TestCandlesEndpoint" name="test_candles_unknown_symbol_still_200" time="0.045" /><testcase classname="tests.test_providers_v4.TestInstrumentsEndpoint" name="test_no_match_returns_empty" time="0.041" /><testcase classname="tests.test_providers_v4.TestAdminStatus" name="test_data_feed_synthetic" time="0.085" /><testcase classname="tests.test_providers_v4.TestCandlesEndpoint" name="test_candles_timestamps_ascending" time="0.054" /><testcase classname="tests.test_providers_v4.TestSignalEndpoint" name="test_signal_seven_checks" time="0.189" /><testcase classname="tests.test_providers_v4.TestAdminStatus" name="test_validation_all_pass" time="0.123" /></testsuite></testsuites>