<?xml version="1.0" encoding="utf-8"?><testsuites name="pytest tests"><testsuite name="pytest" errors="0" failures="0" skipped="0" tests="49" time="27.044" timestamp="2026-08-20T03:24:00.966028+00:00" hostname="agent-env-b1ba82b2-5c3a-4b56-907a-b012fdf6842e"><testcase classname="tests.test_api_endpoints.TestAuth" name="test_president_login_and_me" time="0.509" /><testcase classname="tests.test_matched_ab_v4.TestMatchedAB" name="test_status_and_source" time="0.147" /><testcase classname="tests.test_matched_ab_v4.TestMatchedAB" name="test_matched_ab_present" time="0.000" /><testcase classname="tests.test_matched_ab_v4.TestMatchedAB" name="test_matched_same_entry_count" time="0.000" /><testcase classname="tests.test_matched_ab_v4.TestMatchedAB" name="test_beyond_rr_not_lower" time="0.000" /><testcase classname="tests.test_matched_ab_v4.TestMatchedAB" name="test_per_instrument_16" time="0.000" /><testcase classname="tests.test_matched_ab_v4.TestMatchedAB" name="test_before_after_blocks" time="0.000" /><testcase classname="tests.test_matched_ab_v4.TestMatchedAB" name="test_profit_factor_capped_in_report" time="0.000" /><testcase classname="tests.test_matched_ab_v4.TestMatchedAB" name="test_no_mongo_id" time="0.001" /><testcase classname="tests.test_api_endpoints.TestContext" name="test_news" time="0.355" /><testcase classname="tests.test_api_endpoints.TestAuth" name="test_login_wrong_password" time="0.332" /><testcase classname="tests.test_api_endpoints.TestContext" name="test_news_risk" time="0.061" /><testcase classname="tests.test_api_endpoints.TestContext" name="test_fundamentals" time="0.218" /><testcase classname="tests.test_api_endpoints.TestContext" name="test_confluence" time="0.086" /><testcase classname="tests.test_api_endpoints.TestAuth" name="test_register_creates_trader" time="1.586" /><testcase classname="tests.test_strategy" name="test_golden_bullish_produces_a_plus_buy" time="0.000" /><testcase classname="tests.test_strategy" name="test_golden_bearish_produces_a_plus_sell" time="0.000" /><testcase classname="tests.test_strategy" name="test_negative_scenarios_never_actionable" time="0.001" /><testcase classname="tests.test_strategy" name="test_rr_band_enforced" time="0.000" /><testcase classname="tests.test_backtest_v4.TestBacktestEndpoint" name="test_backtest_beyond_managed" time="0.643" /><testcase classname="tests.test_backtest_v4.TestBacktestEndpoint" name="test_backtest_baseline_at_unmanaged" time="0.779" /><testcase classname="tests.test_backtest_v4.TestBacktestEndpoint" name="test_no_mongo_objectid_leak" time="0.126" /><testcase classname="tests.test_api_endpoints.TestAuth" name="test_me_unauthenticated" time="0.158" /><testcase classname="tests.test_backtest_v4.TestReport4Y" name="test_status_and_source" time="0.061" /><testcase classname="tests.test_backtest_v4.TestReport4Y" name="test_eurusd_blocks" time="0.000" /><testcase classname="tests.test_backtest_v4.TestReport4Y" name="test_per_instrument_16" time="0.000" /><testcase classname="tests.test_api_endpoints.TestRoot" name="test_root" time="0.042" /><testcase classname="tests.test_api_endpoints.TestRoot" name="test_admin_status" time="0.044" /><testcase classname="tests.test_api_endpoints.TestSignalDemo" name="test_bullish_demo_a_plus_buy" time="0.044" /><testcase classname="tests.test_api_endpoints.TestRisk" name="test_risk_valid_25r" time="0.059" /><testcase classname="tests.test_api_endpoints.TestSignalDemo" name="test_bearish_demo_a_plus_sell" time="0.042" /><testcase classname="tests.test_api_endpoints.TestRisk" name="test_risk_below_2r_invalid" time="0.099" /><testcase classname="tests.test_api_endpoints.TestInstruments" name="test_instruments_search_gold" time="0.044" /><testcase classname="tests.test_api_endpoints.TestInstruments" name="test_instruments_empty_q_returns_all" time="0.040" /><testcase classname="tests.test_api_endpoints.TestRisk" name="test_risk_above_5r_invalid" time="0.099" /><testcase classname="tests.test_backtest_v4.TestSignalTradePlan" name="test_signal_trade_plan_beyond" time="0.229" /><testcase classname="tests.test_backtest_v4.TestSignalTradePlan" name="test_demo_bullish_plan_beyond" time="0.229" /><testcase classname="tests.test_matched_ab_v4.TestBacktestEndpoint" name="test_beyond_managed" time="0.620" /><testcase classname="tests.test_api_endpoints.TestJournal" name="test_journal_crud" time="2.412" /><testcase classname="tests.test_matched_ab_v4.TestBacktestEndpoint" name="test_at_unmanaged" time="0.581" /><testcase classname="tests.test_api_endpoints.TestSignal" name="test_signal_xauusd_structure" time="0.174" /><testcase classname="tests.test_api_endpoints.TestCandles" name="test_candles_eurusd_4h" time="0.073" /><testcase classname="tests.test_api_endpoints.TestBacktest" name="test_backtest_eurusd" time="0.580" /><testcase classname="tests.test_api_endpoints.TestAI" name="test_ai_explain_bullish_connected" time="20.960" /><testcase classname="tests.test_api_endpoints.TestJournal" name="test_journal_requires_auth" time="1.388" /><testcase classname="tests.test_api_endpoints.TestValidation" name="test_validation_all_pass" time="0.145" /><testcase classname="tests.test_matched_ab_v4.TestSignal" name="test_xauusd_plan" time="0.270" /><testcase classname="tests.test_backtest_v4.TestValidation" name="test_all_pass" time="0.167" /><testcase classname="tests.test_matched_ab_v4.TestValidation" name="test_all_pass" time="0.127" /></testsuite></testsuites>