<?xml version="1.0" encoding="utf-8"?><testsuites name="pytest tests"><testsuite name="pytest" errors="0" failures="2" skipped="0" tests="80" time="31.880" timestamp="2026-08-20T03:39:55.182926+00:00" hostname="agent-env-b1ba82b2-5c3a-4b56-907a-b012fdf6842e"><testcase classname="tests.test_providers_v4.TestGetCandlesUnit" name="test_returns_synthetic_triplet[5M]" time="0.324" /><testcase classname="tests.test_matched_ab_v4.TestMatchedAB" name="test_status_and_source" time="0.225" /><testcase classname="tests.test_matched_ab_v4.TestMatchedAB" name="test_matched_ab_present" time="0.000" /><testcase classname="tests.test_matched_ab_v4.TestMatchedAB" name="test_matched_same_entry_count" time="0.000" /><testcase classname="tests.test_matched_ab_v4.TestMatchedAB" name="test_beyond_rr_not_lower" time="0.000" /><testcase classname="tests.test_matched_ab_v4.TestMatchedAB" name="test_per_instrument_16" time="0.000" /><testcase classname="tests.test_matched_ab_v4.TestMatchedAB" name="test_before_after_blocks" time="0.000" /><testcase classname="tests.test_matched_ab_v4.TestMatchedAB" name="test_profit_factor_capped_in_report" time="0.000" /><testcase classname="tests.test_matched_ab_v4.TestMatchedAB" name="test_no_mongo_id" time="0.001" /><testcase classname="tests.test_providers_v4.TestCandlesEndpoint" name="test_candles_per_timeframe[5M]" time="0.169" /><testcase classname="tests.test_providers_v4.TestGetCandlesUnit" name="test_returns_synthetic_triplet[10M]" time="0.014" /><testcase classname="tests.test_providers_v4.TestGetCandlesUnit" name="test_returns_synthetic_triplet[15M]" time="0.010" /><testcase classname="tests.test_providers_v4.TestGetCandlesUnit" name="test_returns_synthetic_triplet[1H]" time="0.008" /><testcase classname="tests.test_providers_v4.TestGetCandlesUnit" name="test_returns_synthetic_triplet[4H]" time="0.017" /><testcase classname="tests.test_providers_v4.TestGetCandlesUnit" name="test_returns_synthetic_triplet[1D]" time="0.126" /><testcase classname="tests.test_providers_v4.TestCandlesEndpoint" name="test_candles_per_timeframe[10M]" time="0.099" /><testcase classname="tests.test_providers_v4.TestCandlesEndpoint" name="test_candles_per_timeframe[15M]" time="0.077" /><testcase classname="tests.test_providers_v4.TestGetCandlesUnit" name="test_deterministic" time="0.018" /><testcase classname="tests.test_providers_v4.TestGetCandlesUnit" name="test_state_historical_for_large_limit" time="0.002" /><testcase classname="tests.test_providers_v4.TestGetCandlesUnit" name="test_provider_error_falls_back_to_synthetic" time="0.002" /><testcase classname="tests.test_providers_v4.TestCandlesEndpoint" name="test_candles_per_timeframe[1H]" time="0.082" /><testcase classname="tests.test_api_endpoints.TestAuth" name="test_president_login_and_me" time="0.616" /><testcase classname="tests.test_providers_v4.TestCandlesEndpoint" name="test_candles_per_timeframe[4H]" time="0.104" /><testcase classname="tests.test_providers_v4.TestCandlesEndpoint" name="test_candles_per_timeframe[1D]" time="0.333" /><testcase classname="tests.test_providers_v4.TestCandlesEndpoint" name="test_candles_unknown_symbol_still_200" time="0.077" /><testcase classname="tests.test_api_endpoints.TestAuth" name="test_login_wrong_password" time="0.393" /><testcase classname="tests.test_providers_v4.TestCandlesEndpoint" name="test_candles_timestamps_ascending" time="0.072" /><testcase classname="tests.test_api_endpoints.TestAuth" name="test_register_creates_trader" time="0.523" /><testcase classname="tests.test_api_endpoints.TestContext" name="test_news" time="0.333" /><testcase classname="tests.test_api_endpoints.TestContext" name="test_news_risk" time="0.043" /><testcase classname="tests.test_api_endpoints.TestContext" name="test_fundamentals" time="0.248" /><testcase classname="tests.test_api_endpoints.TestContext" name="test_confluence" time="0.084" /><testcase classname="tests.test_providers_v4.TestProvidersUnit" name="test_has_key_false_without_env" time="0.001" /><testcase classname="tests.test_providers_v4.TestProvidersUnit" name="test_ohlc_raises_api_key_missing" time="0.000" /><testcase classname="tests.test_providers_v4.TestProvidersUnit" name="test_search_raises_api_key_missing" time="0.000" /><testcase classname="tests.test_providers_v4.TestProvidersUnit" name="test_interval_map_covers_ui_timeframes" time="0.000" /><testcase classname="tests.test_strategy" name="test_golden_bullish_produces_a_plus_buy" time="0.000" /><testcase classname="tests.test_strategy" name="test_golden_bearish_produces_a_plus_sell" time="0.000" /><testcase classname="tests.test_strategy" name="test_negative_scenarios_never_actionable" time="0.001" /><testcase classname="tests.test_strategy" name="test_rr_band_enforced" time="0.000" /><testcase classname="tests.test_api_endpoints.TestRisk" name="test_risk_valid_25r" time="0.047" /><testcase classname="tests.test_api_endpoints.TestRisk" name="test_risk_below_2r_invalid" time="0.046" /><testcase classname="tests.test_api_endpoints.TestRisk" name="test_risk_above_5r_invalid" time="0.044" /><testcase classname="tests.test_api_endpoints.TestAuth" name="test_me_unauthenticated" time="0.098" /><testcase classname="tests.test_backtest_v4.TestBacktestEndpoint" name="test_backtest_beyond_managed" time="0.865" /><testcase classname="tests.test_auth_playbook" name="test_login_sets_httponly_cookies" time="0.827" /><testcase classname="tests.test_backtest_v4.TestBacktestEndpoint" name="test_backtest_baseline_at_unmanaged" time="0.991" /><testcase classname="tests.test_auth_playbook" name="test_bcrypt_hash_format" time="1.148" /><testcase classname="tests.test_backtest_v4.TestBacktestEndpoint" name="test_no_mongo_objectid_leak" time="0.190" /><testcase classname="tests.test_auth_playbook" name="test_cors_allows_credentials_explicit_origin" time="0.105"><failure message="AssertionError: {'Date': 'Thu, 20 Aug 2026 03:39:59 GMT', 'Connection': 'keep-alive', 'Access-Control-Allow-Origin': '*', 'Access-Cont... Aug 2026 04:09:59 GMT', 'X-Robots-Tag': 'noindex, nofollow', 'Server': 'cloudflare', 'CF-RAY': 'a2de5fc379b43215-ORD'}&#10;assert None == 'true'">def test_cors_allows_credentials_explicit_origin():
        r = requests.options(f"{BASE_URL}/api/auth/login", headers={
            "Origin": BASE_URL, "Access-Control-Request-Method": "POST",
            "Access-Control-Request-Headers": "content-type"}, timeout=30)
        allow_origin = r.headers.get("access-control-allow-origin")
        allow_creds = r.headers.get("access-control-allow-credentials")
&gt;       assert allow_creds == "true", r.headers
E       AssertionError: {'Date': 'Thu, 20 Aug 2026 03:39:59 GMT', 'Connection': 'keep-alive', 'Access-Control-Allow-Origin': '*', 'Access-Cont... Aug 2026 04:09:59 GMT', 'X-Robots-Tag': 'noindex, nofollow', 'Server': 'cloudflare', 'CF-RAY': 'a2de5fc379b43215-ORD'}
E       assert None == 'true'

tests/test_auth_playbook.py:37: AssertionError</failure></testcase><testcase classname="tests.test_backtest_v4.TestReport4Y" name="test_status_and_source" time="0.074" /><testcase classname="tests.test_backtest_v4.TestReport4Y" name="test_eurusd_blocks" time="0.000" /><testcase classname="tests.test_backtest_v4.TestReport4Y" name="test_per_instrument_16" time="0.000" /><testcase classname="tests.test_api_endpoints.TestRoot" name="test_root" time="0.042" /><testcase classname="tests.test_auth_playbook" name="test_brute_force_lockout_after_5_failures" time="1.921"><failure message="AssertionError: no lockout, codes=[401, 401, 401, 401, 401, 401]&#10;assert False&#10; +  where False = any(&lt;generator object test_brute_force_lockout_after_5_failures.&lt;locals&gt;.&lt;genexpr&gt; at 0xfe6986bc9700&gt;)">def test_brute_force_lockout_after_5_failures():
        s = requests.Session()
        codes = []
        for _ in range(6):
            r = s.post(f"{BASE_URL}/api/auth/login",
                       json={"email": EMAIL, "password": "WrongPass123!"}, timeout=30)
            codes.append(r.status_code)
&gt;       assert any(c in (423, 429) for c in codes), f"no lockout, codes={codes}"
E       AssertionError: no lockout, codes=[401, 401, 401, 401, 401, 401]
E       assert False
E        +  where False = any(&lt;generator object test_brute_force_lockout_after_5_failures.&lt;locals&gt;.&lt;genexpr&gt; at 0xfe6986bc9700&gt;)

tests/test_auth_playbook.py:48: AssertionError</failure></testcase><testcase classname="tests.test_api_endpoints.TestRoot" name="test_admin_status" time="0.045" /><testcase classname="tests.test_api_endpoints.TestSignalDemo" name="test_bullish_demo_a_plus_buy" time="0.046" /><testcase classname="tests.test_api_endpoints.TestSignalDemo" name="test_bearish_demo_a_plus_sell" time="0.226" /><testcase classname="tests.test_api_endpoints.TestInstruments" name="test_instruments_search_gold" time="0.083" /><testcase classname="tests.test_api_endpoints.TestInstruments" name="test_instruments_empty_q_returns_all" time="0.221" /><testcase classname="tests.test_api_endpoints.TestJournal" name="test_journal_crud" time="1.467" /><testcase classname="tests.test_providers_v4.TestInstrumentsEndpoint" name="test_search_gold_builtin_source" time="0.116" /><testcase classname="tests.test_providers_v4.TestInstrumentsEndpoint" name="test_empty_query_returns_full_list" time="0.069" /><testcase classname="tests.test_api_endpoints.TestJournal" name="test_journal_requires_auth" time="0.118" /><testcase classname="tests.test_providers_v4.TestInstrumentsEndpoint" name="test_no_match_returns_empty" time="0.040" /><testcase classname="tests.test_matched_ab_v4.TestBacktestEndpoint" name="test_beyond_managed" time="0.646" /><testcase classname="tests.test_backtest_v4.TestSignalTradePlan" name="test_signal_trade_plan_beyond" time="0.692" /><testcase classname="tests.test_matched_ab_v4.TestBacktestEndpoint" name="test_at_unmanaged" time="0.664" /><testcase classname="tests.test_backtest_v4.TestSignalTradePlan" name="test_demo_bullish_plan_beyond" time="0.553" /><testcase classname="tests.test_api_endpoints.TestValidation" name="test_validation_all_pass" time="0.057" /><testcase classname="tests.test_providers_v4.TestAdminStatus" name="test_data_feed_synthetic" time="0.204" /><testcase classname="tests.test_api_endpoints.TestSignal" name="test_signal_xauusd_structure" time="0.151" /><testcase classname="tests.test_api_endpoints.TestCandles" name="test_candles_eurusd_4h" time="0.074" /><testcase classname="tests.test_providers_v4.TestAdminStatus" name="test_validation_all_pass" time="0.073" /><testcase classname="tests.test_api_endpoints.TestAI" name="test_ai_explain_bullish_connected" time="22.836" /><testcase classname="tests.test_api_endpoints.TestBacktest" name="test_backtest_eurusd" time="0.574" /><testcase classname="tests.test_matched_ab_v4.TestValidation" name="test_all_pass" time="1.392" /><testcase classname="tests.test_providers_v4.TestSignalEndpoint" name="test_signal_seven_checks" time="0.287" /><testcase classname="tests.test_backtest_v4.TestValidation" name="test_all_pass" time="0.160" /><testcase classname="tests.test_matched_ab_v4.TestSignal" name="test_xauusd_plan" time="0.217" /></testsuite></testsuites>